<html>
<head>
<title>TestNG:  Tests</title>
<link href="../testng.css" rel="stylesheet" type="text/css" />
<link href="../my-testng.css" rel="stylesheet" type="text/css" />

<style type="text/css">
.log { display: none;} 
.stack-trace { display: none;} 
</style>
<link href="https://fonts.googleapis.com/css2?family=Quicksand:wght@500;600;700;800&display=swap" rel="stylesheet">
    <style>
        * { 
           font-family: 'Quicksand', sans-serif; 
        } 
        body {
            font-weight: 500;
            background-color: #e9e9e9;
        }
    </style>
<script type="text/javascript">
function filterFailed() {    var rows = document.getElementsByTagName('tr');    for (var i = 0; i < rows.length; i++) {        if (rows[i].classList.contains('SUCCESS')) {            rows[i].style.display = 'none';        } else if (rows[i].classList.contains('FAILURE')) {            rows[i].style.display = '';        }    }}function resetFilter() {    var rows = document.getElementsByTagName('tr');    for (var i = 0; i < rows.length; i++) {        rows[i].style.display = '';    }}function flip(e) {
  current = e.style.display;
  if (current == 'block') {
    e.style.display = 'none';
    return 0;
  }
  else {
    e.style.display = 'block';
    return 1;
  }
}

function toggleBox(szDivId, elem, msg1, msg2)
{
  var res = -1;  if (document.getElementById) {
    res = flip(document.getElementById(szDivId));
  }
  else if (document.all) {
    // this is the way old msie versions work
    res = flip(document.all[szDivId]);
  }
  if(elem) {
    if(res == 0) elem.innerHTML = msg1; else elem.innerHTML = msg2;
  }

}

function toggleAllBoxes() {
  if (document.getElementsByTagName) {
    d = document.getElementsByTagName('div');
    for (i = 0; i < d.length; i++) {
      if (d[i].className == 'log') {
        flip(d[i]);
      }
    }
  }
}
</script>
</head>
<body>
<h2 align='center' style="font-family: Bahnschrift;
padding: 0.425rem 0px;
background: rgb(0, 128, 96);
color: white;">Report</h2><table border='1' align="center">
<tr><td>Mode</td><td>ONLINE</td></tr>
<tr><td>Total</td><td>3</td></tr>
<tr><td>Passed/Failed/Skipped </td><td>0/3/0</td></tr>
<tr><td>Started on</td><td>26 Jul 2024, 17:42:53</td></tr>
<tr><td>Ended on</td><td>26 Jul 2024, 17:42:56</td></tr>
<tr><td>Total time</td><td>2 seconds (2796 ms)</td>
</table><p/>
<table width='100%' border='0' style="font-size: 12px;
font-weight: 600; border-collapse: collapse;" class='ChainingTest-results'>
<tbody style="background: white;"<tr><td colspan='5' align='center' style="background: rgb(0, 128, 96);
color: white;
height: 2rem;
border-top-left-radius: 5px;
border-top-right-radius: 5px;"> <div style="display: flex; align-items: center;"> <div class="filter-section" style="margin:10px 0 10px 25px;"><b>Filter</b><button style="margin-left: 10px;border-radius: 5px;border: 0px solid; padding: 5px 15px;"class="failed-filter-button" onClick="filterFailed()"><b>FAILED</b></button><button style="margin-left: 10px;border-radius: 5px;border: 0px solid; padding: 5px 15px;"class="no-filter-button"     onClick="resetFilter()"><b>DEFAULT</b></button></div><div style="z-index: 2; position: absolute; width: fit-content; margin: 0 auto; font-size: 15px; left: 0; right: 0; "><b>ChainingTest</b></div></div></td></tr>
<tr style="border-bottom: 1px solid #ababab;"><td width="4%"></td><td width="10%" style="padding: 10px 0 5px 10px;"><b>Method</b></td>
<td width="30%" style="padding: 10px 0 5px 10px;"><b>API Path</b></td>
<td width="auto" style="padding: 10px 0 5px 10px;"><b>Exception</b></td>
<td width="5%" style="padding: 10px 0 5px 10px;"><b>Time</b></td>
</tr>
<tr class="FAILURE" style="border-bottom: 1px solid #ababab; background: #ff383861">
<td style="padding:10px 0 10px 20px;">ðŸ”´</td><td>positiveTest</td><td>/authenapi/userapi/findDataListExport</td></td>
<td style="overflow-y: auto; max-width: 40rem; max-height: 10rem;"><a href='#' style="text-decoration: none;
font-weight: 700;" onClick='toggleBox("stack-trace214560653", this, "Click to show all stack frames", "Click to hide stack frames")'>Click to show all stack frames</a>
<div class='stack-trace' id='stack-trace214560653' style="max-height: 20rem;"><pre>java.lang.AssertionError: The following asserts failed:
	Login required to access this path: /authenapi/userapi/findDataListExport
	at org.testng.asserts.SoftAssert.assertAll(SoftAssert.java:46)
	at org.testng.asserts.SoftAssert.assertAll(SoftAssert.java:30)
	at api.utilities.ValidationUtil.assertAll(ValidationUtil.java:50)
	at api.utilities.ChainingValUtil.captureAllAssert(ChainingValUtil.java:301)
	at api.test.main.type.ChainingTest.positiveTest(ChainingTest.java:55)
	at java.base/jdk.internal.reflect.NativeMethodAccessorImpl.invoke0(Native Method)
	at java.base/jdk.internal.reflect.NativeMethodAccessorImpl.invoke(NativeMethodAccessorImpl.java:77)
	at java.base/jdk.internal.reflect.DelegatingMethodAccessorImpl.invoke(DelegatingMethodAccessorImpl.java:43)
	at java.base/java.lang.reflect.Method.invoke(Method.java:568)
	at org.testng.internal.invokers.MethodInvocationHelper.invokeMethod(MethodInvocationHelper.java:141)
	at org.testng.internal.invokers.TestInvoker.invokeMethod(TestInvoker.java:686)
	at org.testng.internal.invokers.TestInvoker.invokeTestMethod(TestInvoker.java:230)
	at org.testng.internal.invokers.MethodRunner.runInSequence(MethodRunner.java:63)
	at org.testng.internal.invokers.TestInvoker$MethodInvocationAgent.invoke(TestInvoker.java:992)
	at org.testng.internal.invokers.TestInvoker.invokeTestMethods(TestInvoker.java:203)
	at org.testng.internal.invokers.TestMethodWorker.invokeTestMethods(TestMethodWorker.java:154)
	at org.testng.internal.invokers.TestMethodWorker.run(TestMethodWorker.java:134)
	at java.base/java.util.ArrayList.forEach(ArrayList.java:1511)
	at org.testng.TestRunner.privateRun(TestRunner.java:739)
	at org.testng.TestRunner.run(TestRunner.java:614)
	at org.testng.SuiteRunner.runTest(SuiteRunner.java:421)
	at org.testng.SuiteRunner.runSequentially(SuiteRunner.java:413)
	at org.testng.SuiteRunner.privateRun(SuiteRunner.java:373)
	at org.testng.SuiteRunner.run(SuiteRunner.java:312)
	at org.testng.SuiteRunnerWorker.runSuite(SuiteRunnerWorker.java:52)
	at org.testng.SuiteRunnerWorker.run(SuiteRunnerWorker.java:95)
	at org.testng.TestNG.runSuitesSequentially(TestNG.java:1274)
	at org.testng.TestNG.runSuitesLocally(TestNG.java:1208)
	at org.testng.TestNG.runSuites(TestNG.java:1112)
	at org.testng.TestNG.run(TestNG.java:1079)
	at org.apache.maven.surefire.testng.TestNGExecutor.run(TestNGExecutor.java:308)
	at org.apache.maven.surefire.testng.TestNGXmlTestSuite.execute(TestNGXmlTestSuite.java:71)
	at org.apache.maven.surefire.testng.TestNGProvider.invoke(TestNGProvider.java:113)
	at org.apache.maven.surefire.booter.ForkedBooter.runSuitesInProcess(ForkedBooter.java:385)
	at org.apache.maven.surefire.booter.ForkedBooter.execute(ForkedBooter.java:162)
	at org.apache.maven.surefire.booter.ForkedBooter.run(ForkedBooter.java:507)
	at org.apache.maven.surefire.booter.ForkedBooter.main(ForkedBooter.java:495)
</pre></div></td>
<td style="padding-left: 10px;">0 ms</td><tr class="FAILURE" style="border-bottom: 1px solid #ababab; background: #ff383861">
<td style="padding:10px 0 10px 20px;">ðŸ”´</td><td>positiveTest</td><td>/authenapi/userapi/findDataListExport</td></td>
<td style="overflow-y: auto; max-width: 40rem; max-height: 10rem;"><a href='#' style="text-decoration: none;
font-weight: 700;" onClick='toggleBox("stack-trace1607278346", this, "Click to show all stack frames", "Click to hide stack frames")'>Click to show all stack frames</a>
<div class='stack-trace' id='stack-trace1607278346' style="max-height: 20rem;"><pre>java.lang.AssertionError: The following asserts failed:
	Login required to access this path: /authenapi/userapi/findDataListExport,
	Expected [200] but got [302] in /authenapi/userapi/findDataListExport expected [200] but found [302]
	at org.testng.asserts.SoftAssert.assertAll(SoftAssert.java:46)
	at org.testng.asserts.SoftAssert.assertAll(SoftAssert.java:30)
	at api.utilities.ValidationUtil.assertAll(ValidationUtil.java:50)
	at api.utilities.ChainingValUtil.captureAllAssert(ChainingValUtil.java:301)
	at api.test.main.type.ChainingTest.positiveTest(ChainingTest.java:55)
	at java.base/jdk.internal.reflect.NativeMethodAccessorImpl.invoke0(Native Method)
	at java.base/jdk.internal.reflect.NativeMethodAccessorImpl.invoke(NativeMethodAccessorImpl.java:77)
	at java.base/jdk.internal.reflect.DelegatingMethodAccessorImpl.invoke(DelegatingMethodAccessorImpl.java:43)
	at java.base/java.lang.reflect.Method.invoke(Method.java:568)
	at org.testng.internal.invokers.MethodInvocationHelper.invokeMethod(MethodInvocationHelper.java:141)
	at org.testng.internal.invokers.TestInvoker.invokeMethod(TestInvoker.java:686)
	at org.testng.internal.invokers.TestInvoker.invokeTestMethod(TestInvoker.java:230)
	at org.testng.internal.invokers.MethodRunner.runInSequence(MethodRunner.java:63)
	at org.testng.internal.invokers.TestInvoker$MethodInvocationAgent.invoke(TestInvoker.java:992)
	at org.testng.internal.invokers.TestInvoker.invokeTestMethods(TestInvoker.java:203)
	at org.testng.internal.invokers.TestMethodWorker.invokeTestMethods(TestMethodWorker.java:154)
	at org.testng.internal.invokers.TestMethodWorker.run(TestMethodWorker.java:134)
	at java.base/java.util.ArrayList.forEach(ArrayList.java:1511)
	at org.testng.TestRunner.privateRun(TestRunner.java:739)
	at org.testng.TestRunner.run(TestRunner.java:614)
	at org.testng.SuiteRunner.runTest(SuiteRunner.java:421)
	at org.testng.SuiteRunner.runSequentially(SuiteRunner.java:413)
	at org.testng.SuiteRunner.privateRun(SuiteRunner.java:373)
	at org.testng.SuiteRunner.run(SuiteRunner.java:312)
	at org.testng.SuiteRunnerWorker.runSuite(SuiteRunnerWorker.java:52)
	at org.testng.SuiteRunnerWorker.run(SuiteRunnerWorker.java:95)
	at org.testng.TestNG.runSuitesSequentially(TestNG.java:1274)
	at org.testng.TestNG.runSuitesLocally(TestNG.java:1208)
	at org.testng.TestNG.runSuites(TestNG.java:1112)
	at org.testng.TestNG.run(TestNG.java:1079)
	at org.apache.maven.surefire.testng.TestNGExecutor.run(TestNGExecutor.java:308)
	at org.apache.maven.surefire.testng.TestNGXmlTestSuite.execute(TestNGXmlTestSuite.java:71)
	at org.apache.maven.surefire.testng.TestNGProvider.invoke(TestNGProvider.java:113)
	at org.apache.maven.surefire.booter.ForkedBooter.runSuitesInProcess(ForkedBooter.java:385)
	at org.apache.maven.surefire.booter.ForkedBooter.execute(ForkedBooter.java:162)
	at org.apache.maven.surefire.booter.ForkedBooter.run(ForkedBooter.java:507)
	at org.apache.maven.surefire.booter.ForkedBooter.main(ForkedBooter.java:495)
</pre></div></td>
<td style="padding-left: 10px;">12 ms</td><tr class="FAILURE" style="border-bottom: 1px solid #ababab; background: #ff383861">
<td style="padding:10px 0 10px 20px;">ðŸ”´</td><td>positiveTest</td><td>/authenapi/userapi/merge</td></td>
<td style="overflow-y: auto; max-width: 40rem; max-height: 10rem;"><a href='#' style="text-decoration: none;
font-weight: 700;" onClick='toggleBox("stack-trace2322399", this, "Click to show all stack frames", "Click to hide stack frames")'>Click to show all stack frames</a>
<div class='stack-trace' id='stack-trace2322399' style="max-height: 20rem;"><pre>java.lang.AssertionError: The following asserts failed:
	Login required to access this path: /authenapi/userapi/merge,
	Expected [200] but got [302] in /authenapi/userapi/merge expected [200] but found [302]
	at org.testng.asserts.SoftAssert.assertAll(SoftAssert.java:46)
	at org.testng.asserts.SoftAssert.assertAll(SoftAssert.java:30)
	at api.utilities.ValidationUtil.assertAll(ValidationUtil.java:50)
	at api.utilities.ChainingValUtil.captureAllAssert(ChainingValUtil.java:301)
	at api.test.main.type.ChainingTest.positiveTest(ChainingTest.java:55)
	at java.base/jdk.internal.reflect.NativeMethodAccessorImpl.invoke0(Native Method)
	at java.base/jdk.internal.reflect.NativeMethodAccessorImpl.invoke(NativeMethodAccessorImpl.java:77)
	at java.base/jdk.internal.reflect.DelegatingMethodAccessorImpl.invoke(DelegatingMethodAccessorImpl.java:43)
	at java.base/java.lang.reflect.Method.invoke(Method.java:568)
	at org.testng.internal.invokers.MethodInvocationHelper.invokeMethod(MethodInvocationHelper.java:141)
	at org.testng.internal.invokers.TestInvoker.invokeMethod(TestInvoker.java:686)
	at org.testng.internal.invokers.TestInvoker.invokeTestMethod(TestInvoker.java:230)
	at org.testng.internal.invokers.MethodRunner.runInSequence(MethodRunner.java:63)
	at org.testng.internal.invokers.TestInvoker$MethodInvocationAgent.invoke(TestInvoker.java:992)
	at org.testng.internal.invokers.TestInvoker.invokeTestMethods(TestInvoker.java:203)
	at org.testng.internal.invokers.TestMethodWorker.invokeTestMethods(TestMethodWorker.java:154)
	at org.testng.internal.invokers.TestMethodWorker.run(TestMethodWorker.java:134)
	at java.base/java.util.ArrayList.forEach(ArrayList.java:1511)
	at org.testng.TestRunner.privateRun(TestRunner.java:739)
	at org.testng.TestRunner.run(TestRunner.java:614)
	at org.testng.SuiteRunner.runTest(SuiteRunner.java:421)
	at org.testng.SuiteRunner.runSequentially(SuiteRunner.java:413)
	at org.testng.SuiteRunner.privateRun(SuiteRunner.java:373)
	at org.testng.SuiteRunner.run(SuiteRunner.java:312)
	at org.testng.SuiteRunnerWorker.runSuite(SuiteRunnerWorker.java:52)
	at org.testng.SuiteRunnerWorker.run(SuiteRunnerWorker.java:95)
	at org.testng.TestNG.runSuitesSequentially(TestNG.java:1274)
	at org.testng.TestNG.runSuitesLocally(TestNG.java:1208)
	at org.testng.TestNG.runSuites(TestNG.java:1112)
	at org.testng.TestNG.run(TestNG.java:1079)
	at org.apache.maven.surefire.testng.TestNGExecutor.run(TestNGExecutor.java:308)
	at org.apache.maven.surefire.testng.TestNGXmlTestSuite.execute(TestNGXmlTestSuite.java:71)
	at org.apache.maven.surefire.testng.TestNGProvider.invoke(TestNGProvider.java:113)
	at org.apache.maven.surefire.booter.ForkedBooter.runSuitesInProcess(ForkedBooter.java:385)
	at org.apache.maven.surefire.booter.ForkedBooter.execute(ForkedBooter.java:162)
	at org.apache.maven.surefire.booter.ForkedBooter.run(ForkedBooter.java:507)
	at org.apache.maven.surefire.booter.ForkedBooter.main(ForkedBooter.java:495)
</pre></div></td>
<td style="padding-left: 10px;">0 ms</td></tbody>
</table>
</body>
</html>